Using pre-set license
Built from 'trunk' branch; Version is '6000.0.1f1 (d9cf669c6271) revision 14274406'; Using compiler version '193933522'; Build Type 'Release'
OS: 'Windows 11  (10.0.22631) 64bit Core' Language: 'uk' Physical Memory: 32395 MB
BatchMode: 1, IsHumanControllingUs: 0, StartBugReporterOnCrash: 0, Is64bit: 1, IsPro: 1

COMMAND LINE ARGUMENTS:
C:\Program Files\Unity\Hub\Editor\6000.0.1f1\Editor\Unity.exe
-adb2
-batchMode
-noUpm
-name
AssetImportWorker2
-projectPath
D:/UnityGitHub/Pirate_Adventure/Pirate Adventure
-logFile
Logs/AssetImportWorker2.log
-srvPort
63865
-job-worker-count
9
-background-job-worker-count
8
-asset-garbage-collectors
1
Successfully changed project path to: D:/UnityGitHub/Pirate_Adventure/Pirate Adventure
D:/UnityGitHub/Pirate_Adventure/Pirate Adventure
[UnityMemory] Configuration Parameters - Can be set up in boot.config
    "memorysetup-bucket-allocator-granularity=16"
    "memorysetup-bucket-allocator-bucket-count=8"
    "memorysetup-bucket-allocator-block-size=33554432"
    "memorysetup-bucket-allocator-block-count=8"
    "memorysetup-main-allocator-block-size=16777216"
    "memorysetup-thread-allocator-block-size=16777216"
    "memorysetup-gfx-main-allocator-block-size=16777216"
    "memorysetup-gfx-thread-allocator-block-size=16777216"
    "memorysetup-cache-allocator-block-size=4194304"
    "memorysetup-typetree-allocator-block-size=2097152"
    "memorysetup-profiler-bucket-allocator-granularity=16"
    "memorysetup-profiler-bucket-allocator-bucket-count=8"
    "memorysetup-profiler-bucket-allocator-block-size=33554432"
    "memorysetup-profiler-bucket-allocator-block-count=8"
    "memorysetup-profiler-allocator-block-size=16777216"
    "memorysetup-profiler-editor-allocator-block-size=1048576"
    "memorysetup-temp-allocator-size-main=16777216"
    "memorysetup-job-temp-allocator-block-size=2097152"
    "memorysetup-job-temp-allocator-block-size-background=1048576"
    "memorysetup-job-temp-allocator-reduction-small-platforms=262144"
    "memorysetup-allocator-temp-initial-block-size-main=262144"
    "memorysetup-allocator-temp-initial-block-size-worker=262144"
    "memorysetup-temp-allocator-size-background-worker=32768"
    "memorysetup-temp-allocator-size-job-worker=262144"
    "memorysetup-temp-allocator-size-preload-manager=33554432"
    "memorysetup-temp-allocator-size-nav-mesh-worker=65536"
    "memorysetup-temp-allocator-size-audio-worker=65536"
    "memorysetup-temp-allocator-size-cloud-worker=32768"
    "memorysetup-temp-allocator-size-gi-baking-worker=262144"
    "memorysetup-temp-allocator-size-gi-baking-worker=262144"
    "memorysetup-temp-allocator-size-gi-baking-worker=262144"
    "memorysetup-temp-allocator-size-gi-baking-worker=262144"
    "memorysetup-temp-allocator-size-gi-baking-worker=262144"
    "memorysetup-temp-allocator-size-gfx=262144"
Player connection [18196]  Target information:

Player connection [18196]  * "[IP] 192.168.0.153 [Port] 0 [Flags] 2 [Guid] 3649504857 [EditorId] 3649504857 [Version] 1048832 [Id] WindowsEditor(7,DESKTOP-DL0FQEE) [Debug] 1 [PackageName] WindowsEditor [ProjectName] Editor" 

Player connection [18196]  * "[IP] 192.168.0.196 [Port] 0 [Flags] 2 [Guid] 3649504857 [EditorId] 3649504857 [Version] 1048832 [Id] WindowsEditor(7,DESKTOP-DL0FQEE) [Debug] 1 [PackageName] WindowsEditor [ProjectName] Editor" 

Player connection [18196] Host joined multi-casting on [225.0.0.222:54997]...
Player connection [18196] Host joined alternative multi-casting on [225.0.0.222:34997]...
JobSystem: Creating JobQueue using job-worker-count value 9
Library Redirect Path: Library/
[PhysX] Initialized MultithreadedTaskDispatcher with 10 workers.
Refreshing native plugins compatible for Editor in 1.78 ms, found 3 plugins.
Preloading 0 native plugins for Editor in 0.00 ms.
Initialize engine version: 6000.0.1f1 (d9cf669c6271)
[Subsystems] Discovering subsystems at path C:/Program Files/Unity/Hub/Editor/6000.0.1f1/Editor/Data/Resources/UnitySubsystems
[Subsystems] Discovering subsystems at path D:/UnityGitHub/Pirate_Adventure/Pirate Adventure/Assets
GfxDevice: creating device client; kGfxThreadingModeNonThreaded
Direct3D:
    Version:  Direct3D 11.0 [level 11.1]
    Renderer: NVIDIA GeForce RTX 4070 Laptop GPU (ID=0x2860)
    Vendor:   NVIDIA
    VRAM:     7948 MB
    Driver:   31.0.15.5222
Initialize mono
Mono path[0] = 'C:/Program Files/Unity/Hub/Editor/6000.0.1f1/Editor/Data/Managed'
Mono path[1] = 'C:/Program Files/Unity/Hub/Editor/6000.0.1f1/Editor/Data/MonoBleedingEdge/lib/mono/unityjit-win32'
Mono config path = 'C:/Program Files/Unity/Hub/Editor/6000.0.1f1/Editor/Data/MonoBleedingEdge/etc'
Using monoOptions --debugger-agent=transport=dt_socket,embedding=1,server=y,suspend=n,address=127.0.0.1:56172
Begin MonoManager ReloadAssembly
Registering precompiled unity dll's ...
Register platform support module: C:/Program Files/Unity/Hub/Editor/6000.0.1f1/Editor/Data/PlaybackEngines/WindowsStandaloneSupport/UnityEditor.WindowsStandalone.Extensions.dll
Register platform support module: C:/Program Files/Unity/Hub/Editor/6000.0.1f1/Editor/Data/PlaybackEngines/AndroidPlayer/UnityEditor.Android.Extensions.dll
Register platform support module: C:/Program Files/Unity/Hub/Editor/6000.0.1f1/Editor/Data/PlaybackEngines/iOSSupport/UnityEditor.iOS.Extensions.dll
Registered in 0.002418 seconds.
- Loaded All Assemblies, in  0.414 seconds
[usbmuxd] Start listen thread
[usbmuxd] Listen thread started
Native extension for iOS target not found
Native extension for Android target not found
Android Extension - Scanning For ADB Devices 221 ms
Native extension for WindowsStandalone target not found
Mono: successfully reloaded assembly
- Finished resetting the current domain, in  0.649 seconds
Domain Reload Profiling: 1062ms
	BeginReloadAssembly (157ms)
		ExecutionOrderSort (0ms)
		DisableScriptedObjects (0ms)
		BackupInstance (0ms)
		ReleaseScriptingObjects (0ms)
		CreateAndSetChildDomain (1ms)
	RebuildCommonClasses (34ms)
	RebuildNativeTypeToScriptingClass (10ms)
	initialDomainReloadingComplete (45ms)
	LoadAllAssembliesAndSetupDomain (167ms)
		LoadAssemblies (154ms)
		RebuildTransferFunctionScriptingTraits (0ms)
		AnalyzeDomain (163ms)
			TypeCache.Refresh (160ms)
				TypeCache.ScanAssembly (141ms)
			BuildScriptInfoCaches (0ms)
			ResolveRequiredComponents (1ms)
	FinalizeReload (650ms)
		ReleaseScriptCaches (0ms)
		RebuildScriptCaches (0ms)
		SetupLoadedEditorAssemblies (584ms)
			LogAssemblyErrors (0ms)
			InitializePlatformSupportModulesInManaged (348ms)
			SetLoadedEditorAssemblies (3ms)
			BeforeProcessingInitializeOnLoad (4ms)
			ProcessInitializeOnLoadAttributes (99ms)
			ProcessInitializeOnLoadMethodAttributes (130ms)
			AfterProcessingInitializeOnLoad (0ms)
			EditorAssembliesLoaded (0ms)
		ExecutionOrderSort2 (0ms)
		AwakeInstancesAfterBackupRestoration (0ms)
========================================================================
Worker process is ready to serve import requests
Import Worker Mode flag is 0x00
Begin MonoManager ReloadAssembly
- Loaded All Assemblies, in  0.941 seconds
'Packages/com.unity.render-pipelines.high-definition/Editor/Wizard/HDWizard.UIElement.cs' contains partial class of Unity.Object, exactly 1 of the partial classes needs to be in a file with the same filename. This is to know the one that can be referenced from ie. GameObjects
'Packages/com.unity.render-pipelines.high-definition/Editor/Wizard/HDWizard.Configuration.cs' contains partial class of Unity.Object, exactly 1 of the partial classes needs to be in a file with the same filename. This is to know the one that can be referenced from ie. GameObjects
'Packages/com.unity.render-pipelines.high-definition/Editor/Wizard/HDWizard.Window.cs' contains partial class of Unity.Object, exactly 1 of the partial classes needs to be in a file with the same filename. This is to know the one that can be referenced from ie. GameObjects
Refreshing native plugins compatible for Editor in 0.62 ms, found 3 plugins.
Native extension for iOS target not found
Native extension for Android target not found
Native extension for WindowsStandalone target not found
Mono: successfully reloaded assembly
- Finished resetting the current domain, in  0.752 seconds
Domain Reload Profiling: 1691ms
	BeginReloadAssembly (304ms)
		ExecutionOrderSort (0ms)
		DisableScriptedObjects (6ms)
		BackupInstance (0ms)
		ReleaseScriptingObjects (0ms)
		CreateAndSetChildDomain (35ms)
	RebuildCommonClasses (29ms)
	RebuildNativeTypeToScriptingClass (9ms)
	initialDomainReloadingComplete (31ms)
	LoadAllAssembliesAndSetupDomain (566ms)
		LoadAssemblies (345ms)
		RebuildTransferFunctionScriptingTraits (0ms)
		AnalyzeDomain (302ms)
			TypeCache.Refresh (218ms)
				TypeCache.ScanAssembly (201ms)
			BuildScriptInfoCaches (67ms)
			ResolveRequiredComponents (12ms)
	FinalizeReload (752ms)
		ReleaseScriptCaches (0ms)
		RebuildScriptCaches (0ms)
		SetupLoadedEditorAssemblies (552ms)
			LogAssemblyErrors (0ms)
			InitializePlatformSupportModulesInManaged (17ms)
			SetLoadedEditorAssemblies (4ms)
			BeforeProcessingInitializeOnLoad (46ms)
			ProcessInitializeOnLoadAttributes (341ms)
			ProcessInitializeOnLoadMethodAttributes (141ms)
			AfterProcessingInitializeOnLoad (3ms)
			EditorAssembliesLoaded (0ms)
		ExecutionOrderSort2 (0ms)
		AwakeInstancesAfterBackupRestoration (5ms)
Launched and connected shader compiler UnityShaderCompiler.exe after 0.01 seconds
Refreshing native plugins compatible for Editor in 1.14 ms, found 3 plugins.
Preloading 0 native plugins for Editor in 0.00 ms.
Unloading 322 Unused Serialized files (Serialized files now loaded: 0)
Unloading 7394 unused Assets / (28.6 MB). Loaded Objects now: 7939.
Memory consumption went from 249.9 MB to 221.3 MB.
Total: 38.471500 ms (FindLiveObjects: 2.008000 ms CreateObjectMapping: 3.603600 ms MarkObjects: 14.120200 ms  DeleteObjects: 18.734800 ms)

========================================================================
Received Import Request.
  Time since last request: 1152281.123995 seconds.
  path: Assets/Tree10/Tree10_1_Textures/normal_specular.png
  artifactKey: Guid(c8f794f2dbcf03b4a949d126dba87325) Importer(815301076,1909f56bfc062723c751e8b465ee728b)
Start importing Assets/Tree10/Tree10_1_Textures/normal_specular.png using Guid(c8f794f2dbcf03b4a949d126dba87325) Importer(815301076,1909f56bfc062723c751e8b465ee728b) (PreviewImporter)[PhysX] Initialized MultithreadedTaskDispatcher with 10 workers.
[PhysX] Initialized MultithreadedTaskDispatcher with 10 workers.
 -> (artifact id: '9d388e806297ad5eb62c8fef37ff193b') in 0.0749002 seconds
Number of updated asset objects reloaded before import = 0Number of asset objects unloaded after import = 2

========================================================================
Received Import Request.
  Time since last request: 0.000019 seconds.
  path: Assets/Tree10/Tree10_1_Textures/shadow.png
  artifactKey: Guid(03f13c8b46a067e4f9d570347f0a7908) Importer(815301076,1909f56bfc062723c751e8b465ee728b)
Start importing Assets/Tree10/Tree10_1_Textures/shadow.png using Guid(03f13c8b46a067e4f9d570347f0a7908) Importer(815301076,1909f56bfc062723c751e8b465ee728b) (PreviewImporter)[PhysX] Initialized MultithreadedTaskDispatcher with 10 workers.
[PhysX] Initialized MultithreadedTaskDispatcher with 10 workers.
 -> (artifact id: 'e457dc17ea13e861e6e2b5d488d0261b') in 0.016345 seconds
Number of updated asset objects reloaded before import = 0Number of asset objects unloaded after import = 2

========================================================================
Received Prepare
Begin MonoManager ReloadAssembly
- Loaded All Assemblies, in  0.704 seconds
'Packages/com.unity.render-pipelines.high-definition/Editor/Wizard/HDWizard.UIElement.cs' contains partial class of Unity.Object, exactly 1 of the partial classes needs to be in a file with the same filename. This is to know the one that can be referenced from ie. GameObjects
'Packages/com.unity.render-pipelines.high-definition/Editor/Wizard/HDWizard.Configuration.cs' contains partial class of Unity.Object, exactly 1 of the partial classes needs to be in a file with the same filename. This is to know the one that can be referenced from ie. GameObjects
'Packages/com.unity.render-pipelines.high-definition/Editor/Wizard/HDWizard.Window.cs' contains partial class of Unity.Object, exactly 1 of the partial classes needs to be in a file with the same filename. This is to know the one that can be referenced from ie. GameObjects
Refreshing native plugins compatible for Editor in 0.51 ms, found 3 plugins.
Native extension for iOS target not found
Native extension for Android target not found
Native extension for WindowsStandalone target not found
Mono: successfully reloaded assembly
- Finished resetting the current domain, in  0.881 seconds
Domain Reload Profiling: 1591ms
	BeginReloadAssembly (181ms)
		ExecutionOrderSort (0ms)
		DisableScriptedObjects (5ms)
		BackupInstance (0ms)
		ReleaseScriptingObjects (0ms)
		CreateAndSetChildDomain (52ms)
	RebuildCommonClasses (30ms)
	RebuildNativeTypeToScriptingClass (10ms)
	initialDomainReloadingComplete (25ms)
	LoadAllAssembliesAndSetupDomain (462ms)
		LoadAssemblies (327ms)
		RebuildTransferFunctionScriptingTraits (0ms)
		AnalyzeDomain (218ms)
			TypeCache.Refresh (11ms)
				TypeCache.ScanAssembly (0ms)
			BuildScriptInfoCaches (191ms)
			ResolveRequiredComponents (10ms)
	FinalizeReload (882ms)
		ReleaseScriptCaches (0ms)
		RebuildScriptCaches (0ms)
		SetupLoadedEditorAssemblies (601ms)
			LogAssemblyErrors (0ms)
			InitializePlatformSupportModulesInManaged (27ms)
			SetLoadedEditorAssemblies (4ms)
			BeforeProcessingInitializeOnLoad (66ms)
			ProcessInitializeOnLoadAttributes (336ms)
			ProcessInitializeOnLoadMethodAttributes (165ms)
			AfterProcessingInitializeOnLoad (3ms)
			EditorAssembliesLoaded (0ms)
		ExecutionOrderSort2 (0ms)
		AwakeInstancesAfterBackupRestoration (5ms)
Refreshing native plugins compatible for Editor in 0.56 ms, found 3 plugins.
Preloading 0 native plugins for Editor in 0.00 ms.
Unloading 189 Unused Serialized files (Serialized files now loaded: 0)
Unloading 7394 unused Assets / (26.6 MB). Loaded Objects now: 7947.
Memory consumption went from 220.3 MB to 193.7 MB.
Total: 18.115900 ms (FindLiveObjects: 1.234500 ms CreateObjectMapping: 1.209200 ms MarkObjects: 6.162800 ms  DeleteObjects: 9.507500 ms)

Prepare: number of updated asset objects reloaded= 0
========================================================================
Received Import Request.
  Time since last request: 1442.970024 seconds.
  path: Assets/_TerrainAutoUpgrade/layer_Grass608c3929b87867c.terrainlayer
  artifactKey: Guid(073f61591591afe4eb416ead19cda5af) Importer(815301076,1909f56bfc062723c751e8b465ee728b)
Start importing Assets/_TerrainAutoUpgrade/layer_Grass608c3929b87867c.terrainlayer using Guid(073f61591591afe4eb416ead19cda5af) Importer(815301076,1909f56bfc062723c751e8b465ee728b) (PreviewImporter)[PhysX] Initialized MultithreadedTaskDispatcher with 10 workers.
 -> (artifact id: '614eb3e9ef287174d0cc09d07a8a322a') in 0.0698263 seconds
Number of updated asset objects reloaded before import = 0Number of asset objects unloaded after import = 2

========================================================================
Received Import Request.
  Time since last request: 8.503607 seconds.
  path: Assets/BushGrassBend/Demo/Example1/Prefabs/Cube1.prefab
  artifactKey: Guid(4fdf8d914f88bdc4bb6ec12f1147ad6f) Importer(815301076,1909f56bfc062723c751e8b465ee728b)
Start importing Assets/BushGrassBend/Demo/Example1/Prefabs/Cube1.prefab using Guid(4fdf8d914f88bdc4bb6ec12f1147ad6f) Importer(815301076,1909f56bfc062723c751e8b465ee728b) (PreviewImporter)[PhysX] Initialized MultithreadedTaskDispatcher with 10 workers.
[PhysX] Initialized MultithreadedTaskDispatcher with 10 workers.
 -> (artifact id: '1360304e1ad219b4f5df2c7c4508ee53') in 0.0627888 seconds
Number of updated asset objects reloaded before import = 0Number of asset objects unloaded after import = 8

========================================================================
Received Import Request.
  Time since last request: 0.000024 seconds.
  path: Assets/BushGrassBend/Demo/Example1/Prefabs/Sphere1.prefab
  artifactKey: Guid(d42d7aa179f18364697adb3cd93c6a6a) Importer(815301076,1909f56bfc062723c751e8b465ee728b)
Start importing Assets/BushGrassBend/Demo/Example1/Prefabs/Sphere1.prefab using Guid(d42d7aa179f18364697adb3cd93c6a6a) Importer(815301076,1909f56bfc062723c751e8b465ee728b) (PreviewImporter)[PhysX] Initialized MultithreadedTaskDispatcher with 10 workers.
[PhysX] Initialized MultithreadedTaskDispatcher with 10 workers.
 -> (artifact id: 'a2c98aa798871a7ee6d53bbb41f29b27') in 0.0167966 seconds
Number of updated asset objects reloaded before import = 0Number of asset objects unloaded after import = 8

========================================================================
Received Import Request.
  Time since last request: 6.453398 seconds.
  path: Assets/BushGrassBend/Demo/Example1/Meshes/bgb_Cube1.asset
  artifactKey: Guid(3a01b47263d1f2e46a21ca90b45d451d) Importer(815301076,1909f56bfc062723c751e8b465ee728b)
Start importing Assets/BushGrassBend/Demo/Example1/Meshes/bgb_Cube1.asset using Guid(3a01b47263d1f2e46a21ca90b45d451d) Importer(815301076,1909f56bfc062723c751e8b465ee728b) (PreviewImporter)[PhysX] Initialized MultithreadedTaskDispatcher with 10 workers.
[PhysX] Initialized MultithreadedTaskDispatcher with 10 workers.
 -> (artifact id: 'cd5b5e3e4ad29a551458931d62952751') in 0.0292525 seconds
Number of updated asset objects reloaded before import = 0Number of asset objects unloaded after import = 2

========================================================================
Received Import Request.
  Time since last request: 0.000021 seconds.
  path: Assets/BushGrassBend/Demo/Example1/Meshes/bgb_Cylinder1.asset
  artifactKey: Guid(31e8be2e744671e42b98b97f3f3b5879) Importer(815301076,1909f56bfc062723c751e8b465ee728b)
Start importing Assets/BushGrassBend/Demo/Example1/Meshes/bgb_Cylinder1.asset using Guid(31e8be2e744671e42b98b97f3f3b5879) Importer(815301076,1909f56bfc062723c751e8b465ee728b) (PreviewImporter)[PhysX] Initialized MultithreadedTaskDispatcher with 10 workers.
[PhysX] Initialized MultithreadedTaskDispatcher with 10 workers.
 -> (artifact id: '24d37e1968c51d56e61fd27e3e1833e3') in 0.0143503 seconds
Number of updated asset objects reloaded before import = 0Number of asset objects unloaded after import = 2

========================================================================
Received Import Request.
  Time since last request: 8.618773 seconds.
  path: Assets/BushGrassBend/Demo/Example3/Prefabs/Cube3.prefab
  artifactKey: Guid(c355805774e3dd440b6e606807569e25) Importer(815301076,1909f56bfc062723c751e8b465ee728b)
Start importing Assets/BushGrassBend/Demo/Example3/Prefabs/Cube3.prefab using Guid(c355805774e3dd440b6e606807569e25) Importer(815301076,1909f56bfc062723c751e8b465ee728b) (PreviewImporter)[PhysX] Initialized MultithreadedTaskDispatcher with 10 workers.
[PhysX] Initialized MultithreadedTaskDispatcher with 10 workers.
 -> (artifact id: '32f60e867f2a43c03e7d3915c9c57a79') in 0.0203396 seconds
Number of updated asset objects reloaded before import = 0Number of asset objects unloaded after import = 6

========================================================================
Received Import Request.
  Time since last request: 0.000019 seconds.
  path: Assets/BushGrassBend/Demo/Example3/Prefabs/Cylinder3.prefab
  artifactKey: Guid(9f5668cd7fbc5d747b39da8a62d5835a) Importer(815301076,1909f56bfc062723c751e8b465ee728b)
Start importing Assets/BushGrassBend/Demo/Example3/Prefabs/Cylinder3.prefab using Guid(9f5668cd7fbc5d747b39da8a62d5835a) Importer(815301076,1909f56bfc062723c751e8b465ee728b) (PreviewImporter)[PhysX] Initialized MultithreadedTaskDispatcher with 10 workers.
[PhysX] Initialized MultithreadedTaskDispatcher with 10 workers.
 -> (artifact id: 'edfd0a272eb650f28443885232a7ca81') in 0.01525 seconds
Number of updated asset objects reloaded before import = 0Number of asset objects unloaded after import = 6

========================================================================
Received Import Request.
  Time since last request: 3.276634 seconds.
  path: Assets/BushGrassBend/Demo/Example2/Meshes/bgb_Cube2.asset
  artifactKey: Guid(27d6525fe41c92a4a89e80017efb427f) Importer(815301076,1909f56bfc062723c751e8b465ee728b)
Start importing Assets/BushGrassBend/Demo/Example2/Meshes/bgb_Cube2.asset using Guid(27d6525fe41c92a4a89e80017efb427f) Importer(815301076,1909f56bfc062723c751e8b465ee728b) (PreviewImporter)[PhysX] Initialized MultithreadedTaskDispatcher with 10 workers.
[PhysX] Initialized MultithreadedTaskDispatcher with 10 workers.
 -> (artifact id: '7c4c071e8627a58f7a20dd33b42febba') in 0.0124275 seconds
Number of updated asset objects reloaded before import = 0Number of asset objects unloaded after import = 2

========================================================================
Received Import Request.
  Time since last request: 0.000015 seconds.
  path: Assets/BushGrassBend/Demo/Example2/Meshes/bgb_Sphere2.asset
  artifactKey: Guid(add04211acec32541833d211a7ea09df) Importer(815301076,1909f56bfc062723c751e8b465ee728b)
Start importing Assets/BushGrassBend/Demo/Example2/Meshes/bgb_Sphere2.asset using Guid(add04211acec32541833d211a7ea09df) Importer(815301076,1909f56bfc062723c751e8b465ee728b) (PreviewImporter)[PhysX] Initialized MultithreadedTaskDispatcher with 10 workers.
[PhysX] Initialized MultithreadedTaskDispatcher with 10 workers.
 -> (artifact id: '5a89f6004dc36f56d63d2788396d1ce2') in 0.0151408 seconds
Number of updated asset objects reloaded before import = 0Number of asset objects unloaded after import = 2

========================================================================
Received Import Request.
  Time since last request: 1.390427 seconds.
  path: Assets/BushGrassBend/Demo/Example2/Prefabs/Cube2.prefab
  artifactKey: Guid(7d5bf3d0cc3acf84fae5e1ae787b25ad) Importer(815301076,1909f56bfc062723c751e8b465ee728b)
Start importing Assets/BushGrassBend/Demo/Example2/Prefabs/Cube2.prefab using Guid(7d5bf3d0cc3acf84fae5e1ae787b25ad) Importer(815301076,1909f56bfc062723c751e8b465ee728b) (PreviewImporter)[PhysX] Initialized MultithreadedTaskDispatcher with 10 workers.
[PhysX] Initialized MultithreadedTaskDispatcher with 10 workers.
 -> (artifact id: '19ab87a35a5d9924042724f1d2c8f0ef') in 0.0150589 seconds
Number of updated asset objects reloaded before import = 0Number of asset objects unloaded after import = 8

========================================================================
Received Import Request.
  Time since last request: 0.000023 seconds.
  path: Assets/BushGrassBend/Demo/Example2/Prefabs/Sphere2.prefab
  artifactKey: Guid(c4c87cde96f4f3843bd9579805dd3fad) Importer(815301076,1909f56bfc062723c751e8b465ee728b)
Start importing Assets/BushGrassBend/Demo/Example2/Prefabs/Sphere2.prefab using Guid(c4c87cde96f4f3843bd9579805dd3fad) Importer(815301076,1909f56bfc062723c751e8b465ee728b) (PreviewImporter)[PhysX] Initialized MultithreadedTaskDispatcher with 10 workers.
[PhysX] Initialized MultithreadedTaskDispatcher with 10 workers.
 -> (artifact id: 'be7e30bfaf86ad63c0809d502e6bb6db') in 0.0177114 seconds
Number of updated asset objects reloaded before import = 0Number of asset objects unloaded after import = 8

========================================================================
Received Prepare
'Packages/com.unity.render-pipelines.high-definition/Editor/Wizard/HDWizard.UIElement.cs' contains partial class of Unity.Object, exactly 1 of the partial classes needs to be in a file with the same filename. This is to know the one that can be referenced from ie. GameObjects
'Packages/com.unity.render-pipelines.high-definition/Editor/Wizard/HDWizard.Configuration.cs' contains partial class of Unity.Object, exactly 1 of the partial classes needs to be in a file with the same filename. This is to know the one that can be referenced from ie. GameObjects
'Packages/com.unity.render-pipelines.high-definition/Editor/Wizard/HDWizard.Window.cs' contains partial class of Unity.Object, exactly 1 of the partial classes needs to be in a file with the same filename. This is to know the one that can be referenced from ie. GameObjects
Refreshing native plugins compatible for Editor in 0.89 ms, found 3 plugins.
Preloading 0 native plugins for Editor in 0.00 ms.
Unloading 189 Unused Serialized files (Serialized files now loaded: 0)
Unloading 7386 unused Assets / (25.5 MB). Loaded Objects now: 7960.
Memory consumption went from 221.1 MB to 195.6 MB.
Total: 19.914500 ms (FindLiveObjects: 1.317800 ms CreateObjectMapping: 0.639100 ms MarkObjects: 7.895600 ms  DeleteObjects: 10.059300 ms)

Prepare: number of updated asset objects reloaded= 0
========================================================================
Received Prepare
Begin MonoManager ReloadAssembly
- Loaded All Assemblies, in  0.709 seconds
'Packages/com.unity.render-pipelines.high-definition/Editor/Wizard/HDWizard.UIElement.cs' contains partial class of Unity.Object, exactly 1 of the partial classes needs to be in a file with the same filename. This is to know the one that can be referenced from ie. GameObjects
'Packages/com.unity.render-pipelines.high-definition/Editor/Wizard/HDWizard.Configuration.cs' contains partial class of Unity.Object, exactly 1 of the partial classes needs to be in a file with the same filename. This is to know the one that can be referenced from ie. GameObjects
'Packages/com.unity.render-pipelines.high-definition/Editor/Wizard/HDWizard.Window.cs' contains partial class of Unity.Object, exactly 1 of the partial classes needs to be in a file with the same filename. This is to know the one that can be referenced from ie. GameObjects
Refreshing native plugins compatible for Editor in 0.92 ms, found 3 plugins.
Native extension for iOS target not found
Native extension for Android target not found
Native extension for WindowsStandalone target not found
Mono: successfully reloaded assembly
- Finished resetting the current domain, in  0.707 seconds
Domain Reload Profiling: 1420ms
	BeginReloadAssembly (177ms)
		ExecutionOrderSort (0ms)
		DisableScriptedObjects (4ms)
		BackupInstance (0ms)
		ReleaseScriptingObjects (0ms)
		CreateAndSetChildDomain (50ms)
	RebuildCommonClasses (33ms)
	RebuildNativeTypeToScriptingClass (10ms)
	initialDomainReloadingComplete (21ms)
	LoadAllAssembliesAndSetupDomain (472ms)
		LoadAssemblies (317ms)
		RebuildTransferFunctionScriptingTraits (0ms)
		AnalyzeDomain (240ms)
			TypeCache.Refresh (13ms)
				TypeCache.ScanAssembly (0ms)
			BuildScriptInfoCaches (209ms)
			ResolveRequiredComponents (15ms)
	FinalizeReload (708ms)
		ReleaseScriptCaches (0ms)
		RebuildScriptCaches (0ms)
		SetupLoadedEditorAssemblies (493ms)
			LogAssemblyErrors (0ms)
			InitializePlatformSupportModulesInManaged (19ms)
			SetLoadedEditorAssemblies (4ms)
			BeforeProcessingInitializeOnLoad (45ms)
			ProcessInitializeOnLoadAttributes (281ms)
			ProcessInitializeOnLoadMethodAttributes (140ms)
			AfterProcessingInitializeOnLoad (2ms)
			EditorAssembliesLoaded (0ms)
		ExecutionOrderSort2 (0ms)
		AwakeInstancesAfterBackupRestoration (7ms)
Refreshing native plugins compatible for Editor in 0.58 ms, found 3 plugins.
Preloading 0 native plugins for Editor in 0.00 ms.
Unloading 189 Unused Serialized files (Serialized files now loaded: 0)
Unloading 7393 unused Assets / (24.0 MB). Loaded Objects now: 7961.
Memory consumption went from 220.7 MB to 196.7 MB.
Total: 13.408600 ms (FindLiveObjects: 0.592700 ms CreateObjectMapping: 0.894000 ms MarkObjects: 5.076200 ms  DeleteObjects: 6.844200 ms)

Prepare: number of updated asset objects reloaded= 0
========================================================================
Received Import Request.
  Time since last request: 697.111482 seconds.
  path: Assets/GrassFlowers/Textures/GrassFlowers/grass02.tga
  artifactKey: Guid(cf3069941001b5c46b1f13d4551d0fd9) Importer(815301076,1909f56bfc062723c751e8b465ee728b)
Start importing Assets/GrassFlowers/Textures/GrassFlowers/grass02.tga using Guid(cf3069941001b5c46b1f13d4551d0fd9) Importer(815301076,1909f56bfc062723c751e8b465ee728b) (PreviewImporter)[PhysX] Initialized MultithreadedTaskDispatcher with 10 workers.
[PhysX] Initialized MultithreadedTaskDispatcher with 10 workers.
 -> (artifact id: 'effb3cec82eaaa956a20c373bfb65e7a') in 0.1388833 seconds
Number of updated asset objects reloaded before import = 0Number of asset objects unloaded after import = 2

========================================================================
Received Import Request.
  Time since last request: 0.000045 seconds.
  path: Assets/GrassFlowers/Textures/GrassFlowers/grassFlower08.tga
  artifactKey: Guid(8900a35e436818940b97df26c3a8a1aa) Importer(815301076,1909f56bfc062723c751e8b465ee728b)
Start importing Assets/GrassFlowers/Textures/GrassFlowers/grassFlower08.tga using Guid(8900a35e436818940b97df26c3a8a1aa) Importer(815301076,1909f56bfc062723c751e8b465ee728b) (PreviewImporter)[PhysX] Initialized MultithreadedTaskDispatcher with 10 workers.
[PhysX] Initialized MultithreadedTaskDispatcher with 10 workers.
 -> (artifact id: 'be57a74563ce9b564f93d40da871ab26') in 0.02106 seconds
Number of updated asset objects reloaded before import = 0Number of asset objects unloaded after import = 2

========================================================================
Received Import Request.
  Time since last request: 0.000035 seconds.
  path: Assets/GrassFlowers/Textures/GrassFlowers/grassFlower01.tga
  artifactKey: Guid(5733619f617fd954cac22d3d11fd1b93) Importer(815301076,1909f56bfc062723c751e8b465ee728b)
Start importing Assets/GrassFlowers/Textures/GrassFlowers/grassFlower01.tga using Guid(5733619f617fd954cac22d3d11fd1b93) Importer(815301076,1909f56bfc062723c751e8b465ee728b) (PreviewImporter)[PhysX] Initialized MultithreadedTaskDispatcher with 10 workers.
[PhysX] Initialized MultithreadedTaskDispatcher with 10 workers.
 -> (artifact id: '57d3b493c56f141f65d978689637478e') in 0.0214879 seconds
Number of updated asset objects reloaded before import = 0Number of asset objects unloaded after import = 2

========================================================================
Received Import Request.
  Time since last request: 0.000043 seconds.
  path: Assets/GrassFlowers/Textures/GrassFlowers/grassFlower09.tga
  artifactKey: Guid(d238efbd27bc5ae4ead9839995f74830) Importer(815301076,1909f56bfc062723c751e8b465ee728b)
Start importing Assets/GrassFlowers/Textures/GrassFlowers/grassFlower09.tga using Guid(d238efbd27bc5ae4ead9839995f74830) Importer(815301076,1909f56bfc062723c751e8b465ee728b) (PreviewImporter)[PhysX] Initialized MultithreadedTaskDispatcher with 10 workers.
[PhysX] Initialized MultithreadedTaskDispatcher with 10 workers.
 -> (artifact id: '3c4bc08afc6df20a47ec20978fb42b54') in 0.0219272 seconds
Number of updated asset objects reloaded before import = 0Number of asset objects unloaded after import = 2

========================================================================
Received Import Request.
  Time since last request: 3.873639 seconds.
  path: Assets/GrassFlowers/Demo/DemoGrassFlowers/ReflectionProbe-0.exr
  artifactKey: Guid(ff26dd0d532f43942b51232390841a6d) Importer(815301076,1909f56bfc062723c751e8b465ee728b)
Start importing Assets/GrassFlowers/Demo/DemoGrassFlowers/ReflectionProbe-0.exr using Guid(ff26dd0d532f43942b51232390841a6d) Importer(815301076,1909f56bfc062723c751e8b465ee728b) (PreviewImporter)[PhysX] Initialized MultithreadedTaskDispatcher with 10 workers.
[PhysX] Initialized MultithreadedTaskDispatcher with 10 workers.
[PhysX] Initialized MultithreadedTaskDispatcher with 10 workers.
 -> (artifact id: 'cd18e268b9f10f339257c6222d25826f') in 0.0519946 seconds
Number of updated asset objects reloaded before import = 0Number of asset objects unloaded after import = 1

========================================================================
Received Import Request.
  Time since last request: 374.560122 seconds.
  path: Assets/Models/grass-green/textures/Normal_grass.png
  artifactKey: Guid(bcd92fb1f6a64b749aca59daed6a70cf) Importer(815301076,1909f56bfc062723c751e8b465ee728b)
Start importing Assets/Models/grass-green/textures/Normal_grass.png using Guid(bcd92fb1f6a64b749aca59daed6a70cf) Importer(815301076,1909f56bfc062723c751e8b465ee728b) (PreviewImporter)[PhysX] Initialized MultithreadedTaskDispatcher with 10 workers.
[PhysX] Initialized MultithreadedTaskDispatcher with 10 workers.
 -> (artifact id: '0c46aff2b1df1bef0725a0bc5f15cf9e') in 0.0281894 seconds
Number of updated asset objects reloaded before import = 0Number of asset objects unloaded after import = 2

========================================================================
Received Import Request.
  Time since last request: 176.521930 seconds.
  path: Assets/Models/grass/source/grass/grass/grass_01.png
  artifactKey: Guid(72ad639e8de910d489a39720e04224a4) Importer(815301076,1909f56bfc062723c751e8b465ee728b)
Start importing Assets/Models/grass/source/grass/grass/grass_01.png using Guid(72ad639e8de910d489a39720e04224a4) Importer(815301076,1909f56bfc062723c751e8b465ee728b) (PreviewImporter)[PhysX] Initialized MultithreadedTaskDispatcher with 10 workers.
[PhysX] Initialized MultithreadedTaskDispatcher with 10 workers.
 -> (artifact id: '6577f0abea1f0b014c60b13aec212c6c') in 0.0180913 seconds
Number of updated asset objects reloaded before import = 0Number of asset objects unloaded after import = 2

========================================================================
Received Import Request.
  Time since last request: 0.000020 seconds.
  path: Assets/Models/grass/source/grass/grass/grass_02.png
  artifactKey: Guid(735bc7a82bffbb14cbf5569cb677c94d) Importer(815301076,1909f56bfc062723c751e8b465ee728b)
Start importing Assets/Models/grass/source/grass/grass/grass_02.png using Guid(735bc7a82bffbb14cbf5569cb677c94d) Importer(815301076,1909f56bfc062723c751e8b465ee728b) (PreviewImporter)[PhysX] Initialized MultithreadedTaskDispatcher with 10 workers.
[PhysX] Initialized MultithreadedTaskDispatcher with 10 workers.
 -> (artifact id: 'ee29c8688660ca498e9a4f25b6888898') in 0.0254391 seconds
Number of updated asset objects reloaded before import = 0Number of asset objects unloaded after import = 2

========================================================================
Received Import Request.
  Time since last request: 23.672929 seconds.
  path: Assets/Models/grass/textures/grass_02.png
  artifactKey: Guid(941951c53f44e8045b0b06a427dab817) Importer(815301076,1909f56bfc062723c751e8b465ee728b)
Start importing Assets/Models/grass/textures/grass_02.png using Guid(941951c53f44e8045b0b06a427dab817) Importer(815301076,1909f56bfc062723c751e8b465ee728b) (PreviewImporter)[PhysX] Initialized MultithreadedTaskDispatcher with 10 workers.
[PhysX] Initialized MultithreadedTaskDispatcher with 10 workers.
 -> (artifact id: '96e354f2aa9405252e48e10d9ab11389') in 0.0160858 seconds
Number of updated asset objects reloaded before import = 0Number of asset objects unloaded after import = 2

========================================================================
Received Import Request.
  Time since last request: 643.703710 seconds.
  path: Assets/AQUAS-Lite/Demo/Textures/Gravel.jpg
  artifactKey: Guid(fe4e2613219b2654c82dd59079667fe6) Importer(815301076,1909f56bfc062723c751e8b465ee728b)
Start importing Assets/AQUAS-Lite/Demo/Textures/Gravel.jpg using Guid(fe4e2613219b2654c82dd59079667fe6) Importer(815301076,1909f56bfc062723c751e8b465ee728b) (PreviewImporter)[PhysX] Initialized MultithreadedTaskDispatcher with 10 workers.
[PhysX] Initialized MultithreadedTaskDispatcher with 10 workers.
 -> (artifact id: 'a5f81f48d2a5c9600a851ff34f667c6c') in 0.0176094 seconds
Number of updated asset objects reloaded before import = 0Number of asset objects unloaded after import = 2

========================================================================
Received Import Request.
  Time since last request: 2.128789 seconds.
  path: Assets/AQUAS-Lite/Demo/Textures/Cliffs_normal.jpg
  artifactKey: Guid(5e2137d62de0b4846ac0dd23bc393af0) Importer(815301076,1909f56bfc062723c751e8b465ee728b)
Start importing Assets/AQUAS-Lite/Demo/Textures/Cliffs_normal.jpg using Guid(5e2137d62de0b4846ac0dd23bc393af0) Importer(815301076,1909f56bfc062723c751e8b465ee728b) (PreviewImporter)[PhysX] Initialized MultithreadedTaskDispatcher with 10 workers.
[PhysX] Initialized MultithreadedTaskDispatcher with 10 workers.
 -> (artifact id: 'bdc64f1847ffd1e6edbb50d55bb7b6e2') in 0.0401763 seconds
Number of updated asset objects reloaded before import = 0Number of asset objects unloaded after import = 2

========================================================================
Received Import Request.
  Time since last request: 0.000055 seconds.
  path: Assets/Models/Tree10/Tree10_4_Textures/diffuse.png
  artifactKey: Guid(9e114cd7d6c377548a5e4abde5e6e916) Importer(815301076,1909f56bfc062723c751e8b465ee728b)
Start importing Assets/Models/Tree10/Tree10_4_Textures/diffuse.png using Guid(9e114cd7d6c377548a5e4abde5e6e916) Importer(815301076,1909f56bfc062723c751e8b465ee728b) (PreviewImporter)[PhysX] Initialized MultithreadedTaskDispatcher with 10 workers.
[PhysX] Initialized MultithreadedTaskDispatcher with 10 workers.
 -> (artifact id: '5505ef0a7386535250a3a4a920418e63') in 0.0264091 seconds
Number of updated asset objects reloaded before import = 0Number of asset objects unloaded after import = 2

========================================================================
Received Import Request.
  Time since last request: 0.000023 seconds.
  path: Assets/Models/Tree10/Tree10_3_Textures/normal_specular.png
  artifactKey: Guid(8f8ccb2b839cc834baf89aacb88b4efc) Importer(815301076,1909f56bfc062723c751e8b465ee728b)
Start importing Assets/Models/Tree10/Tree10_3_Textures/normal_specular.png using Guid(8f8ccb2b839cc834baf89aacb88b4efc) Importer(815301076,1909f56bfc062723c751e8b465ee728b) (PreviewImporter)[PhysX] Initialized MultithreadedTaskDispatcher with 10 workers.
[PhysX] Initialized MultithreadedTaskDispatcher with 10 workers.
 -> (artifact id: '76fa6575acf18edfdd8e2c43db68d679') in 0.0214964 seconds
Number of updated asset objects reloaded before import = 0Number of asset objects unloaded after import = 2

========================================================================
Received Import Request.
  Time since last request: 0.000031 seconds.
  path: Assets/Models/Tree10/Tree10_2_Textures/diffuse.png
  artifactKey: Guid(04345729c1d67dc4d84158db4dcc40f7) Importer(815301076,1909f56bfc062723c751e8b465ee728b)
Start importing Assets/Models/Tree10/Tree10_2_Textures/diffuse.png using Guid(04345729c1d67dc4d84158db4dcc40f7) Importer(815301076,1909f56bfc062723c751e8b465ee728b) (PreviewImporter)[PhysX] Initialized MultithreadedTaskDispatcher with 10 workers.
[PhysX] Initialized MultithreadedTaskDispatcher with 10 workers.
 -> (artifact id: '90b4a604f79e511d3523fbc3dd6ed266') in 0.0228617 seconds
Number of updated asset objects reloaded before import = 0Number of asset objects unloaded after import = 2

========================================================================
Received Import Request.
  Time since last request: 0.000032 seconds.
  path: Assets/Models/Tree10/Tree10_5_Textures/diffuse.png
  artifactKey: Guid(8a43632a0ec7ffc46b37e73a2dff48a6) Importer(815301076,1909f56bfc062723c751e8b465ee728b)
Start importing Assets/Models/Tree10/Tree10_5_Textures/diffuse.png using Guid(8a43632a0ec7ffc46b37e73a2dff48a6) Importer(815301076,1909f56bfc062723c751e8b465ee728b) (PreviewImporter)[PhysX] Initialized MultithreadedTaskDispatcher with 10 workers.
[PhysX] Initialized MultithreadedTaskDispatcher with 10 workers.
 -> (artifact id: '6b7e43cece2bd573ca17664d546877f1') in 0.0241374 seconds
Number of updated asset objects reloaded before import = 0Number of asset objects unloaded after import = 2

========================================================================
Received Import Request.
  Time since last request: 3.391177 seconds.
  path: Assets/Models/Tree10/Tree10_2_Textures/normal_specular.png
  artifactKey: Guid(1491c7e658794584bba2b2e2af787693) Importer(815301076,1909f56bfc062723c751e8b465ee728b)
Start importing Assets/Models/Tree10/Tree10_2_Textures/normal_specular.png using Guid(1491c7e658794584bba2b2e2af787693) Importer(815301076,1909f56bfc062723c751e8b465ee728b) (PreviewImporter)[PhysX] Initialized MultithreadedTaskDispatcher with 10 workers.
[PhysX] Initialized MultithreadedTaskDispatcher with 10 workers.
 -> (artifact id: 'f2e4e57adf827bd56d93fc1349e61a05') in 0.0166351 seconds
Number of updated asset objects reloaded before import = 0Number of asset objects unloaded after import = 2

========================================================================
Received Import Request.
  Time since last request: 0.000026 seconds.
  path: Assets/Models/Tree10/Tree10_4_Textures/shadow.png
  artifactKey: Guid(5465f588fa3411f4ea34c86ed8aacbfd) Importer(815301076,1909f56bfc062723c751e8b465ee728b)
Start importing Assets/Models/Tree10/Tree10_4_Textures/shadow.png using Guid(5465f588fa3411f4ea34c86ed8aacbfd) Importer(815301076,1909f56bfc062723c751e8b465ee728b) (PreviewImporter)[PhysX] Initialized MultithreadedTaskDispatcher with 10 workers.
[PhysX] Initialized MultithreadedTaskDispatcher with 10 workers.
 -> (artifact id: 'b105f7937d639c7f62e36b0ac796be26') in 0.0099857 seconds
Number of updated asset objects reloaded before import = 0Number of asset objects unloaded after import = 2

========================================================================
Received Import Request.
  Time since last request: 0.000171 seconds.
  path: Assets/Models/Tree10/Tree10_1_Textures/normal_specular.png
  artifactKey: Guid(c8f794f2dbcf03b4a949d126dba87325) Importer(815301076,1909f56bfc062723c751e8b465ee728b)
Start importing Assets/Models/Tree10/Tree10_1_Textures/normal_specular.png using Guid(c8f794f2dbcf03b4a949d126dba87325) Importer(815301076,1909f56bfc062723c751e8b465ee728b) (PreviewImporter)[PhysX] Initialized MultithreadedTaskDispatcher with 10 workers.
[PhysX] Initialized MultithreadedTaskDispatcher with 10 workers.
 -> (artifact id: '6def40422bffa4c33daabf7d1b22bd2e') in 0.0186214 seconds
Number of updated asset objects reloaded before import = 0Number of asset objects unloaded after import = 2

========================================================================
Received Import Request.
  Time since last request: 0.853167 seconds.
  path: Assets/Models/Tree10/Tree10_5_Textures/shadow.png
  artifactKey: Guid(59e9e81818effc84aaaef2944ce90aba) Importer(815301076,1909f56bfc062723c751e8b465ee728b)
Start importing Assets/Models/Tree10/Tree10_5_Textures/shadow.png using Guid(59e9e81818effc84aaaef2944ce90aba) Importer(815301076,1909f56bfc062723c751e8b465ee728b) (PreviewImporter)[PhysX] Initialized MultithreadedTaskDispatcher with 10 workers.
[PhysX] Initialized MultithreadedTaskDispatcher with 10 workers.
 -> (artifact id: 'ab9f96d993f7a12433b1a94b31d89d69') in 0.0083036 seconds
Number of updated asset objects reloaded before import = 0Number of asset objects unloaded after import = 2

========================================================================
Received Import Request.
  Time since last request: 0.000041 seconds.
  path: Assets/Models/Tree10/Tree10_3_Textures/shadow.png
  artifactKey: Guid(e24d7b9077904d1499bb01c73abf6922) Importer(815301076,1909f56bfc062723c751e8b465ee728b)
Start importing Assets/Models/Tree10/Tree10_3_Textures/shadow.png using Guid(e24d7b9077904d1499bb01c73abf6922) Importer(815301076,1909f56bfc062723c751e8b465ee728b) (PreviewImporter)[PhysX] Initialized MultithreadedTaskDispatcher with 10 workers.
[PhysX] Initialized MultithreadedTaskDispatcher with 10 workers.
 -> (artifact id: '409af06615b28433285b0ef13452ea9a') in 0.0083131 seconds
Number of updated asset objects reloaded before import = 0Number of asset objects unloaded after import = 2

========================================================================
Received Import Request.
  Time since last request: 0.000040 seconds.
  path: Assets/AQUAS-Lite/Demo/ALiteDemoTerrain.asset
  artifactKey: Guid(9a203924af969ff4e9e93eb1129c14a9) Importer(815301076,1909f56bfc062723c751e8b465ee728b)
Start importing Assets/AQUAS-Lite/Demo/ALiteDemoTerrain.asset using Guid(9a203924af969ff4e9e93eb1129c14a9) Importer(815301076,1909f56bfc062723c751e8b465ee728b) (PreviewImporter)[PhysX] Initialized MultithreadedTaskDispatcher with 10 workers.
[PhysX] Initialized MultithreadedTaskDispatcher with 10 workers.
 -> (artifact id: '59863c2c816eba7aca124fda2a104193') in 0.1661621 seconds
Number of updated asset objects reloaded before import = 0Number of asset objects unloaded after import = 11

========================================================================
Received Import Request.
  Time since last request: 2.253160 seconds.
  path: Assets/Models/Tree10/Tree10_4_Textures/translucency_gloss.png
  artifactKey: Guid(6ac29a7f6baf0114da7b75840501bc08) Importer(815301076,1909f56bfc062723c751e8b465ee728b)
Start importing Assets/Models/Tree10/Tree10_4_Textures/translucency_gloss.png using Guid(6ac29a7f6baf0114da7b75840501bc08) Importer(815301076,1909f56bfc062723c751e8b465ee728b) (PreviewImporter)[PhysX] Initialized MultithreadedTaskDispatcher with 10 workers.
[PhysX] Initialized MultithreadedTaskDispatcher with 10 workers.
 -> (artifact id: 'e33f6df2f899b229f85e32a34bcd949c') in 0.0228764 seconds
Number of updated asset objects reloaded before import = 0Number of asset objects unloaded after import = 2

========================================================================
Received Import Request.
  Time since last request: 0.000046 seconds.
  path: Assets/AQUAS-Lite/Textures/Waves_LoRes.png
  artifactKey: Guid(ef5d03cb57f820145b89db1123c104c6) Importer(815301076,1909f56bfc062723c751e8b465ee728b)
Start importing Assets/AQUAS-Lite/Textures/Waves_LoRes.png using Guid(ef5d03cb57f820145b89db1123c104c6) Importer(815301076,1909f56bfc062723c751e8b465ee728b) (PreviewImporter)[PhysX] Initialized MultithreadedTaskDispatcher with 10 workers.
[PhysX] Initialized MultithreadedTaskDispatcher with 10 workers.
 -> (artifact id: '02dd42c9b0bca9300b70ec91abed2867') in 0.0195577 seconds
Number of updated asset objects reloaded before import = 0Number of asset objects unloaded after import = 2

Editor requested this worker to shutdown with reason: Scaling down because of idle timeout
AssetImportWorker is now disconnected from the server
Process exiting
Exiting without the bug reporter. Application will terminate with return code 0